[debug] [2021-10-28T03:41:06.901Z] ----------------------------------------------------------------------
[debug] [2021-10-28T03:41:06.902Z] Command:       E:\Archivos de programas\node\node.exe C:\Users\figof\AppData\Roaming\npm\node_modules\firebase-tools\lib\bin\firebase.js init
[debug] [2021-10-28T03:41:06.903Z] CLI Version:   9.21.0
[debug] [2021-10-28T03:41:06.903Z] Platform:      win32
[debug] [2021-10-28T03:41:06.903Z] Node Version:  v12.18.3
[debug] [2021-10-28T03:41:06.904Z] Time:          Wed Oct 27 2021 21:41:06 GMT-0600 (GMT-06:00)
[debug] [2021-10-28T03:41:06.904Z] ----------------------------------------------------------------------
[debug] 
[debug] [2021-10-28T03:41:06.947Z] > command requires scopes: ["email","openid","https://www.googleapis.com/auth/cloudplatformprojects.readonly","https://www.googleapis.com/auth/firebase","https://www.googleapis.com/auth/cloud-platform"]
[debug] [2021-10-28T03:41:06.948Z] > authorizing via signed-in user (fernando.rosales.gt2015@gmail.com)
[info] 
     ######## #### ########  ######## ########     ###     ######  ########
     ##        ##  ##     ## ##       ##     ##  ##   ##  ##       ##
     ######    ##  ########  ######   ########  #########  ######  ######
     ##        ##  ##    ##  ##       ##     ## ##     ##       ## ##
     ##       #### ##     ## ######## ########  ##     ##  ######  ########

You're about to initialize a Firebase project in this directory:

  C:\Users\figof\OneDrive\Documents\GitHub\proyectocalidad

Before we get started, keep in mind:

  * You are initializing within an existing Firebase project directory

[info] 
=== Project Setup
[info] 
[info] First, let's associate this project directory with a Firebase project.
[info] You can create multiple project aliases by running firebase use --add, 
[info] but for now we'll just set up a default project.
[info] 
[info] i  .firebaserc already has a default project, using proyectocalidad-fd69d. 
[debug] [2021-10-28T03:41:13.909Z] > refreshing access token with scopes: []
[debug] [2021-10-28T03:41:13.910Z] >>> HTTP REQUEST POST https://www.googleapis.com/oauth2/v3/token  
 <request body omitted>
[debug] [2021-10-28T03:41:14.117Z] <<< HTTP RESPONSE 200 {"cache-control":"no-cache, no-store, max-age=0, must-revalidate","pragma":"no-cache","expires":"Mon, 01 Jan 1990 00:00:00 GMT","date":"Thu, 28 Oct 2021 03:41:12 GMT","content-type":"application/json; charset=utf-8","vary":"X-Origin, Referer, Origin,Accept-Encoding","server":"scaffolding on HTTPServer2","x-xss-protection":"0","x-frame-options":"SAMEORIGIN","x-content-type-options":"nosniff","alt-svc":"h3=\":443\"; ma=2592000,h3-29=\":443\"; ma=2592000,h3-Q050=\":443\"; ma=2592000,h3-Q046=\":443\"; ma=2592000,h3-Q043=\":443\"; ma=2592000,quic=\":443\"; ma=2592000; v=\"46,43\"","accept-ranges":"none","transfer-encoding":"chunked"}
[debug] [2021-10-28T03:41:14.127Z] >>> [apiv2][query] GET https://firebase.googleapis.com/v1beta1/projects/proyectocalidad-fd69d [none]
[debug] [2021-10-28T03:41:14.480Z] <<< [apiv2][status] GET https://firebase.googleapis.com/v1beta1/projects/proyectocalidad-fd69d 200
[debug] [2021-10-28T03:41:14.481Z] <<< [apiv2][body] GET https://firebase.googleapis.com/v1beta1/projects/proyectocalidad-fd69d {"projectId":"proyectocalidad-fd69d","projectNumber":"1097302206682","displayName":"proyectocalidad","name":"projects/proyectocalidad-fd69d","resources":{"hostingSite":"proyectocalidad-fd69d"},"state":"ACTIVE"}
[info] 
=== Hosting Setup
[info] 
[info] Your public directory is the folder (relative to your project directory) that
[info] will contain Hosting assets to be uploaded with firebase deploy. If you
[info] have a build process for your assets, use your build's output directory.
[info] 
[debug] [2021-10-28T03:41:33.910Z] >>> [apiv2][query] GET https://www.gstatic.com/firebasejs/releases.json [none]
[debug] [2021-10-28T03:41:34.090Z] <<< [apiv2][status] GET https://www.gstatic.com/firebasejs/releases.json 200
[debug] [2021-10-28T03:41:34.090Z] <<< [apiv2][body] GET https://www.gstatic.com/firebasejs/releases.json {"current":{"version":"9.1.3","browserURL":"https://www.gstatic.com/firebasejs/9.1.3/firebase.js","packageURL":"https://www.gstatic.com/firebasejs/9.1.3/firebase.tgz"},"live":{"version":"9.1","browserURL":"https://www.gstatic.com/firebasejs/live/9.1/firebase.js","packageURL":"https://www.gstatic.com/firebasejs/live/9.1/firebase.tgz"},"components":{"analytics":"https://www.gstatic.com/firebasejs/9.1.3/firebase-analytics.js","app":"https://www.gstatic.com/firebasejs/9.1.3/firebase-app.js","app-check":"https://www.gstatic.com/firebasejs/9.1.3/firebase-app-check.js","auth":"https://www.gstatic.com/firebasejs/9.1.3/firebase-auth.js","auth/cordova":"https://www.gstatic.com/firebasejs/9.1.3/firebase-auth/cordova.js","auth/react-native":"https://www.gstatic.com/firebasejs/9.1.3/firebase-auth/react-native.js","functions":"https://www.gstatic.com/firebasejs/9.1.3/firebase-functions.js","firestore":"https://www.gstatic.com/firebasejs/9.1.3/firebase-firestore.js","firestore/lite":"https://www.gstatic.com/firebasejs/9.1.3/firebase-firestore/lite.js","storage":"https://www.gstatic.com/firebasejs/9.1.3/firebase-storage.js","performance":"https://www.gstatic.com/firebasejs/9.1.3/firebase-performance.js","remote-config":"https://www.gstatic.com/firebasejs/9.1.3/firebase-remote-config.js","messaging":"https://www.gstatic.com/firebasejs/9.1.3/firebase-messaging.js","messaging/sw":"https://www.gstatic.com/firebasejs/9.1.3/firebase-messaging/sw.js","database":"https://www.gstatic.com/firebasejs/9.1.3/firebase-database.js","firestore.memory":"https://www.gstatic.com/firebasejs/9.1.3/firebase-firestore.memory.js"}}
[info] i  Skipping write of dist//index.html 
[info] 
[info] i  Detected a .git folder at C:\Users\figof\OneDrive\Documents\GitHub\proyectocalidad 
[info] i  Authorizing with GitHub to upload your service account to a GitHub repository's secrets store. 
[info] 
[info] Visit this URL on this device to log in:
[info] https://github.com/login/oauth/authorize?client_id=89cf50f02ac6aaed3484&state=460395352&redirect_uri=http%3A%2F%2Flocalhost%3A9005&scope=read%3Auser%20repo%20public_repo
[info] 
[info] Waiting for authentication...
[debug] [2021-10-28T03:41:48.404Z] >>> HTTP REQUEST POST https://github.com/login/oauth/access_token  
 {"client_id":"89cf50f02ac6aaed3484","client_secret":"3330d14abc895d9a74d5f17cd7a00711fa2c5bf0","code":"626ae0c8c336bc788a24","redirect_uri":"http://localhost:9005","state":"460395352"}
[debug] [2021-10-28T03:41:48.756Z] <<< HTTP RESPONSE 200 {"server":"GitHub.com","date":"Thu, 28 Oct 2021 03:41:46 GMT","content-type":"application/json; charset=utf-8","transfer-encoding":"chunked","vary":"X-PJAX, X-PJAX-Container, Accept-Encoding, Accept, X-Requested-With","permissions-policy":"interest-cohort=()","etag":"W/\"8ba03eb36792d2fce184c7b0494dd011\"","cache-control":"max-age=0, private, must-revalidate","strict-transport-security":"max-age=31536000; includeSubdomains; preload","x-frame-options":"deny","x-content-type-options":"nosniff","x-xss-protection":"0","referrer-policy":"origin-when-cross-origin, strict-origin-when-cross-origin","expect-ct":"max-age=2592000, report-uri=\"https://api.github.com/_private/browser/errors\"","content-security-policy":"default-src 'none'; base-uri 'self'; block-all-mixed-content; child-src github.com/assets-cdn/worker/ gist.github.com/assets-cdn/worker/; connect-src 'self' uploads.github.com objects-origin.githubusercontent.com www.githubstatus.com collector.githubapp.com api.github.com github-cloud.s3.amazonaws.com github-production-repository-file-5c1aeb.s3.amazonaws.com github-production-upload-manifest-file-7fdce7.s3.amazonaws.com github-production-user-asset-6210df.s3.amazonaws.com cdn.optimizely.com logx.optimizely.com/v1/events translator.github.com wss://alive.github.com; font-src github.githubassets.com; form-action 'self' github.com gist.github.com objects-origin.githubusercontent.com; frame-ancestors 'none'; frame-src render.githubusercontent.com viewscreen.githubusercontent.com notebooks.githubusercontent.com; img-src 'self' data: github.githubassets.com identicons.github.com collector.githubapp.com github-cloud.s3.amazonaws.com secured-user-images.githubusercontent.com/ *.githubusercontent.com; manifest-src 'self'; media-src github.com user-images.githubusercontent.com/; script-src github.githubassets.com; style-src 'unsafe-inline' github.githubassets.com; worker-src github.com/assets-cdn/worker/ gist.github.com/assets-cdn/worker/","x-github-request-id":"B31F:6400:72BEE3:D14247:617A1BFA"}
[debug] [2021-10-28T03:41:48.759Z] >>> [apiv2][query] GET https://api.github.com/user [none]
[debug] [2021-10-28T03:41:49.144Z] <<< [apiv2][status] GET https://api.github.com/user 200
[debug] [2021-10-28T03:41:49.144Z] <<< [apiv2][body] GET https://api.github.com/user {"login":"RealJRE10","id":11369606,"node_id":"MDQ6VXNlcjExMzY5NjA2","avatar_url":"https://avatars.githubusercontent.com/u/11369606?v=4","gravatar_id":"","url":"https://api.github.com/users/RealJRE10","html_url":"https://github.com/RealJRE10","followers_url":"https://api.github.com/users/RealJRE10/followers","following_url":"https://api.github.com/users/RealJRE10/following{/other_user}","gists_url":"https://api.github.com/users/RealJRE10/gists{/gist_id}","starred_url":"https://api.github.com/users/RealJRE10/starred{/owner}{/repo}","subscriptions_url":"https://api.github.com/users/RealJRE10/subscriptions","organizations_url":"https://api.github.com/users/RealJRE10/orgs","repos_url":"https://api.github.com/users/RealJRE10/repos","events_url":"https://api.github.com/users/RealJRE10/events{/privacy}","received_events_url":"https://api.github.com/users/RealJRE10/received_events","type":"User","site_admin":false,"name":null,"company":null,"blog":"","location":null,"email":null,"hireable":null,"bio":null,"twitter_username":null,"public_repos":1,"public_gists":0,"followers":0,"following":0,"created_at":"2015-03-07T22:45:39Z","updated_at":"2021-09-16T16:03:49Z","private_gists":0,"total_private_repos":0,"owned_private_repos":0,"disk_usage":0,"collaborators":0,"two_factor_authentication":false,"plan":{"name":"free","space":976562499,"collaborators":0,"private_repos":10000}}
[info] 
[info] +  Success! Logged into GitHub as RealJRE10 
[info] 
[debug] [2021-10-28T03:42:44.746Z] >>> [apiv2][query] GET https://api.github.com/repos/jfrosalesgt/proyectocalidad/actions/secrets/public-key type=owner
[debug] [2021-10-28T03:42:45.022Z] <<< [apiv2][status] GET https://api.github.com/repos/jfrosalesgt/proyectocalidad/actions/secrets/public-key 404
[debug] [2021-10-28T03:42:45.022Z] <<< [apiv2][body] GET https://api.github.com/repos/jfrosalesgt/proyectocalidad/actions/secrets/public-key {"message":"Not Found","documentation_url":"https://docs.github.com/rest/reference/actions#get-a-repository-public-key"}
[debug] [2021-10-28T03:43:22.878Z] >>> [apiv2][query] GET https://api.github.com/repos/jrosalesgt/proyectocalidad/actions/secrets/public-key type=owner
[debug] [2021-10-28T03:43:23.200Z] <<< [apiv2][status] GET https://api.github.com/repos/jrosalesgt/proyectocalidad/actions/secrets/public-key 404
[debug] [2021-10-28T03:43:23.201Z] <<< [apiv2][body] GET https://api.github.com/repos/jrosalesgt/proyectocalidad/actions/secrets/public-key {"message":"Not Found","documentation_url":"https://docs.github.com/rest/reference/actions#get-a-repository-public-key"}
[debug] [2021-10-28T03:43:24.563Z] >>> [apiv2][query] GET https://api.github.com/repos//actions/secrets/public-key type=owner
[debug] [2021-10-28T03:43:24.816Z] <<< [apiv2][status] GET https://api.github.com/repos//actions/secrets/public-key 404
[debug] [2021-10-28T03:43:24.816Z] <<< [apiv2][body] GET https://api.github.com/repos//actions/secrets/public-key {"message":"Not Found","documentation_url":"https://docs.github.com/rest"}
[debug] [2021-10-28T03:43:24.948Z] >>> [apiv2][query] GET https://api.github.com/repos//actions/secrets/public-key type=owner
[debug] [2021-10-28T03:43:25.189Z] <<< [apiv2][status] GET https://api.github.com/repos//actions/secrets/public-key 404
[debug] [2021-10-28T03:43:25.189Z] <<< [apiv2][body] GET https://api.github.com/repos//actions/secrets/public-key {"message":"Not Found","documentation_url":"https://docs.github.com/rest"}
[debug] [2021-10-28T03:43:25.612Z] >>> [apiv2][query] GET https://api.github.com/repos//actions/secrets/public-key type=owner
[debug] [2021-10-28T03:43:25.864Z] <<< [apiv2][status] GET https://api.github.com/repos//actions/secrets/public-key 404
[debug] [2021-10-28T03:43:25.864Z] <<< [apiv2][body] GET https://api.github.com/repos//actions/secrets/public-key {"message":"Not Found","documentation_url":"https://docs.github.com/rest"}
[debug] [2021-10-28T03:44:13.746Z] >>> [apiv2][query] GET https://api.github.com/repos/jfrosalesgt/proyectocalidad/actions/secrets/public-key type=owner
[debug] [2021-10-28T03:44:14.037Z] <<< [apiv2][status] GET https://api.github.com/repos/jfrosalesgt/proyectocalidad/actions/secrets/public-key 404
[debug] [2021-10-28T03:44:14.037Z] <<< [apiv2][body] GET https://api.github.com/repos/jfrosalesgt/proyectocalidad/actions/secrets/public-key {"message":"Not Found","documentation_url":"https://docs.github.com/rest/reference/actions#get-a-repository-public-key"}
[debug] [2021-10-28T03:44:14.946Z] >>> [apiv2][query] GET https://api.github.com/repos//actions/secrets/public-key type=owner
[debug] [2021-10-28T03:44:15.236Z] <<< [apiv2][status] GET https://api.github.com/repos//actions/secrets/public-key 404
[debug] [2021-10-28T03:44:15.236Z] <<< [apiv2][body] GET https://api.github.com/repos//actions/secrets/public-key {"message":"Not Found","documentation_url":"https://docs.github.com/rest"}
[debug] [2021-10-28T03:44:15.520Z] >>> [apiv2][query] GET https://api.github.com/repos//actions/secrets/public-key type=owner
[debug] [2021-10-28T03:44:15.733Z] >>> [apiv2][query] GET https://api.github.com/repos//actions/secrets/public-key type=owner
[debug] [2021-10-28T03:44:15.769Z] <<< [apiv2][status] GET https://api.github.com/repos//actions/secrets/public-key 404
[debug] [2021-10-28T03:44:15.769Z] <<< [apiv2][body] GET https://api.github.com/repos//actions/secrets/public-key {"message":"Not Found","documentation_url":"https://docs.github.com/rest"}
[debug] [2021-10-28T03:44:15.914Z] >>> [apiv2][query] GET https://api.github.com/repos//actions/secrets/public-key type=owner
[debug] [2021-10-28T03:44:15.975Z] <<< [apiv2][status] GET https://api.github.com/repos//actions/secrets/public-key 404
[debug] [2021-10-28T03:44:15.976Z] <<< [apiv2][body] GET https://api.github.com/repos//actions/secrets/public-key {"message":"Not Found","documentation_url":"https://docs.github.com/rest"}
[debug] [2021-10-28T03:44:16.186Z] <<< [apiv2][status] GET https://api.github.com/repos//actions/secrets/public-key 404
[debug] [2021-10-28T03:44:16.186Z] <<< [apiv2][body] GET https://api.github.com/repos//actions/secrets/public-key {"message":"Not Found","documentation_url":"https://docs.github.com/rest"}
[debug] [2021-10-28T03:44:21.060Z] ----------------------------------------------------------------------
[debug] [2021-10-28T03:44:21.061Z] Command:       E:\Archivos de programas\node\node.exe C:\Users\figof\AppData\Roaming\npm\node_modules\firebase-tools\lib\bin\firebase.js init
[debug] [2021-10-28T03:44:21.062Z] CLI Version:   9.21.0
[debug] [2021-10-28T03:44:21.062Z] Platform:      win32
[debug] [2021-10-28T03:44:21.062Z] Node Version:  v12.18.3
[debug] [2021-10-28T03:44:21.063Z] Time:          Wed Oct 27 2021 21:44:21 GMT-0600 (GMT-06:00)
[debug] [2021-10-28T03:44:21.063Z] ----------------------------------------------------------------------
[debug] 
[debug] [2021-10-28T03:44:21.106Z] > command requires scopes: ["email","openid","https://www.googleapis.com/auth/cloudplatformprojects.readonly","https://www.googleapis.com/auth/firebase","https://www.googleapis.com/auth/cloud-platform"]
[debug] [2021-10-28T03:44:21.106Z] > authorizing via signed-in user (fernando.rosales.gt2015@gmail.com)
[info] 
     ######## #### ########  ######## ########     ###     ######  ########
     ##        ##  ##     ## ##       ##     ##  ##   ##  ##       ##
     ######    ##  ########  ######   ########  #########  ######  ######
     ##        ##  ##    ##  ##       ##     ## ##     ##       ## ##
     ##       #### ##     ## ######## ########  ##     ##  ######  ########

You're about to initialize a Firebase project in this directory:

  C:\Users\figof\OneDrive\Documents\GitHub\proyectocalidad

Before we get started, keep in mind:

  * You are initializing within an existing Firebase project directory

[info] 
=== Project Setup
[info] 
[info] First, let's associate this project directory with a Firebase project.
[info] You can create multiple project aliases by running firebase use --add, 
[info] but for now we'll just set up a default project.
[info] 
[info] i  .firebaserc already has a default project, using proyectocalidad-fd69d. 
[debug] [2021-10-28T03:44:29.392Z] >>> [apiv2][query] GET https://firebase.googleapis.com/v1beta1/projects/proyectocalidad-fd69d [none]
[debug] [2021-10-28T03:44:29.820Z] <<< [apiv2][status] GET https://firebase.googleapis.com/v1beta1/projects/proyectocalidad-fd69d 200
[debug] [2021-10-28T03:44:29.820Z] <<< [apiv2][body] GET https://firebase.googleapis.com/v1beta1/projects/proyectocalidad-fd69d {"projectId":"proyectocalidad-fd69d","projectNumber":"1097302206682","displayName":"proyectocalidad","name":"projects/proyectocalidad-fd69d","resources":{"hostingSite":"proyectocalidad-fd69d"},"state":"ACTIVE"}
[info] 
=== Hosting:github Setup
[info] 
[info] i  Detected a .git folder at C:\Users\figof\OneDrive\Documents\GitHub\proyectocalidad 
[info] i  Authorizing with GitHub to upload your service account to a GitHub repository's secrets store. 
[info] 
[info] Visit this URL on this device to log in:
[info] https://github.com/login/oauth/authorize?client_id=89cf50f02ac6aaed3484&state=114339551&redirect_uri=http%3A%2F%2Flocalhost%3A9005&scope=read%3Auser%20repo%20public_repo
[info] 
[info] Waiting for authentication...
[debug] [2021-10-28T03:44:30.597Z] >>> HTTP REQUEST POST https://github.com/login/oauth/access_token  
 {"client_id":"89cf50f02ac6aaed3484","client_secret":"3330d14abc895d9a74d5f17cd7a00711fa2c5bf0","code":"d177ecbf075140d9fe0d","redirect_uri":"http://localhost:9005","state":"114339551"}
[debug] [2021-10-28T03:44:30.908Z] <<< HTTP RESPONSE 200 {"server":"GitHub.com","date":"Thu, 28 Oct 2021 03:44:28 GMT","content-type":"application/json; charset=utf-8","transfer-encoding":"chunked","vary":"X-PJAX, X-PJAX-Container, Accept-Encoding, Accept, X-Requested-With","permissions-policy":"interest-cohort=()","etag":"W/\"585f276ef9e9223a9c1846762912ef70\"","cache-control":"max-age=0, private, must-revalidate","strict-transport-security":"max-age=31536000; includeSubdomains; preload","x-frame-options":"deny","x-content-type-options":"nosniff","x-xss-protection":"0","referrer-policy":"origin-when-cross-origin, strict-origin-when-cross-origin","expect-ct":"max-age=2592000, report-uri=\"https://api.github.com/_private/browser/errors\"","content-security-policy":"default-src 'none'; base-uri 'self'; block-all-mixed-content; child-src github.com/assets-cdn/worker/ gist.github.com/assets-cdn/worker/; connect-src 'self' uploads.github.com objects-origin.githubusercontent.com www.githubstatus.com collector.githubapp.com api.github.com github-cloud.s3.amazonaws.com github-production-repository-file-5c1aeb.s3.amazonaws.com github-production-upload-manifest-file-7fdce7.s3.amazonaws.com github-production-user-asset-6210df.s3.amazonaws.com cdn.optimizely.com logx.optimizely.com/v1/events translator.github.com wss://alive.github.com; font-src github.githubassets.com; form-action 'self' github.com gist.github.com objects-origin.githubusercontent.com; frame-ancestors 'none'; frame-src render.githubusercontent.com viewscreen.githubusercontent.com notebooks.githubusercontent.com; img-src 'self' data: github.githubassets.com identicons.github.com collector.githubapp.com github-cloud.s3.amazonaws.com secured-user-images.githubusercontent.com/ *.githubusercontent.com; manifest-src 'self'; media-src github.com user-images.githubusercontent.com/; script-src github.githubassets.com; style-src 'unsafe-inline' github.githubassets.com; worker-src github.com/assets-cdn/worker/ gist.github.com/assets-cdn/worker/","x-github-request-id":"B4BE:0CB0:8DFED2:EDF072:617A1C9C"}
[debug] [2021-10-28T03:44:30.911Z] >>> [apiv2][query] GET https://api.github.com/user [none]
[debug] [2021-10-28T03:44:31.248Z] <<< [apiv2][status] GET https://api.github.com/user 200
[debug] [2021-10-28T03:44:31.248Z] <<< [apiv2][body] GET https://api.github.com/user {"login":"RealJRE10","id":11369606,"node_id":"MDQ6VXNlcjExMzY5NjA2","avatar_url":"https://avatars.githubusercontent.com/u/11369606?v=4","gravatar_id":"","url":"https://api.github.com/users/RealJRE10","html_url":"https://github.com/RealJRE10","followers_url":"https://api.github.com/users/RealJRE10/followers","following_url":"https://api.github.com/users/RealJRE10/following{/other_user}","gists_url":"https://api.github.com/users/RealJRE10/gists{/gist_id}","starred_url":"https://api.github.com/users/RealJRE10/starred{/owner}{/repo}","subscriptions_url":"https://api.github.com/users/RealJRE10/subscriptions","organizations_url":"https://api.github.com/users/RealJRE10/orgs","repos_url":"https://api.github.com/users/RealJRE10/repos","events_url":"https://api.github.com/users/RealJRE10/events{/privacy}","received_events_url":"https://api.github.com/users/RealJRE10/received_events","type":"User","site_admin":false,"name":null,"company":null,"blog":"","location":null,"email":null,"hireable":null,"bio":null,"twitter_username":null,"public_repos":1,"public_gists":0,"followers":0,"following":0,"created_at":"2015-03-07T22:45:39Z","updated_at":"2021-09-16T16:03:49Z","private_gists":0,"total_private_repos":0,"owned_private_repos":0,"disk_usage":0,"collaborators":0,"two_factor_authentication":false,"plan":{"name":"free","space":976562499,"collaborators":0,"private_repos":10000}}
[info] 
[info] +  Success! Logged into GitHub as RealJRE10 
[info] 
[debug] [2021-10-28T03:44:49.831Z] >>> [apiv2][query] GET https://api.github.com/repos/jfrosalesgt/proyectocalidad/actions/secrets/public-key type=owner
[debug] [2021-10-28T03:44:50.112Z] <<< [apiv2][status] GET https://api.github.com/repos/jfrosalesgt/proyectocalidad/actions/secrets/public-key 404
[debug] [2021-10-28T03:44:50.112Z] <<< [apiv2][body] GET https://api.github.com/repos/jfrosalesgt/proyectocalidad/actions/secrets/public-key {"message":"Not Found","documentation_url":"https://docs.github.com/rest/reference/actions#get-a-repository-public-key"}
